----------------------------------------------------------------
Tue May 17 17:12:09 CEST 2016:
Booting Derby version The Apache Software Foundation - Apache Derby - 10.12.1.1 - (1704137): instance a816c00e-0154-bf46-30f3-00000db3e130 
on database directory memory:/home/xsobotk3/pv168/bankingbmgr-test with class loader sun.misc.Launcher$AppClassLoader@75b84c92 
Loaded from file:/home/xsobotk3/.m2/repository/org/apache/derby/derby/10.12.1.1/derby-10.12.1.1.jar
java.vendor=Oracle Corporation
java.runtime.version=1.8.0_66-b17
user.dir=/home/xsobotk3/pv168
os.name=Linux
os.arch=amd64
os.version=3.13.0-86-generic
derby.system.home=null
Database Class Loader started - derby.database.classpath=''
----------------------------------------------------------------
Tue May 17 17:12:10 CEST 2016:
Booting Derby version The Apache Software Foundation - Apache Derby - 10.12.1.1 - (1704137): instance ddcbc2c6-0154-bf46-30f3-00000db3e130 
on database directory memory:/home/xsobotk3/pv168/paymentmgr-test with class loader sun.misc.Launcher$AppClassLoader@75b84c92 
Loaded from file:/home/xsobotk3/.m2/repository/org/apache/derby/derby/10.12.1.1/derby-10.12.1.1.jar
java.vendor=Oracle Corporation
java.runtime.version=1.8.0_66-b17
user.dir=/home/xsobotk3/pv168
os.name=Linux
os.arch=amd64
os.version=3.13.0-86-generic
derby.system.home=null
Database Class Loader started - derby.database.classpath=''
----------------------------------------------------------------
Tue May 17 17:12:11 CEST 2016:
Booting Derby version The Apache Software Foundation - Apache Derby - 10.12.1.1 - (1704137): instance e43fc5a6-0154-bf46-30f3-00000db3e130 
on database directory memory:/home/xsobotk3/pv168/account-test with class loader sun.misc.Launcher$AppClassLoader@75b84c92 
Loaded from file:/home/xsobotk3/.m2/repository/org/apache/derby/derby/10.12.1.1/derby-10.12.1.1.jar
java.vendor=Oracle Corporation
java.runtime.version=1.8.0_66-b17
user.dir=/home/xsobotk3/pv168
os.name=Linux
os.arch=amd64
os.version=3.13.0-86-generic
derby.system.home=null
Database Class Loader started - derby.database.classpath=''
